--- 2021-07-05 12:09:51.735 [           main] ERROR         org.moqui.impl.webapp.MoquiContextListener [] []
 Error initializing webapp context: java.lang.reflect.InvocationTargetException
java.lang.reflect.InvocationTargetException: null
	at jdk.internal.reflect.NativeConstructorAccessorImpl.newInstance0(Native Method) ~[?:?]
	at jdk.internal.reflect.NativeConstructorAccessorImpl.newInstance(NativeConstructorAccessorImpl.java:78) ~[?:?]
	at jdk.internal.reflect.DelegatingConstructorAccessorImpl.newInstance(DelegatingConstructorAccessorImpl.java:45) ~[?:?]
	at java.lang.reflect.Constructor.newInstanceWithCaller(Constructor.java:499) ~[?:?]
	at java.lang.reflect.Constructor.newInstance(Constructor.java:480) ~[?:?]
	at org.moqui.Moqui.dynamicInit(Moqui.java:62) ~[moqui_temp14938225427055016549WEB-INF_lib_moqui-framework-3.0.0-rc8.jar.:3.0.0-rc8]
	at org.moqui.impl.webapp.MoquiContextListener.contextInitialized(MoquiContextListener.groovy:67) [moqui_temp14938225427055016549WEB-INF_lib_moqui-framework-3.0.0-rc8.jar.:3.0.0-rc8]
	at org.eclipse.jetty.server.handler.ContextHandler.callContextInitialized(ContextHandler.java:1068) [moqui_temp2900150413970458421execlib_jetty-server-9.4.41.v20210516.jar.:9.4.41.v20210516]
	at org.eclipse.jetty.servlet.ServletContextHandler.callContextInitialized(ServletContextHandler.java:572) [moqui_temp2848496575478902382execlib_jetty-servlet-9.4.41.v20210516.jar.:9.4.41.v20210516]
	at org.eclipse.jetty.server.handler.ContextHandler.contextInitialized(ContextHandler.java:997) [moqui_temp2900150413970458421execlib_jetty-server-9.4.41.v20210516.jar.:9.4.41.v20210516]
	at org.eclipse.jetty.servlet.ServletHandler.initialize(ServletHandler.java:746) [moqui_temp2848496575478902382execlib_jetty-servlet-9.4.41.v20210516.jar.:9.4.41.v20210516]
	at org.eclipse.jetty.servlet.ServletContextHandler.startContext(ServletContextHandler.java:379) [moqui_temp2848496575478902382execlib_jetty-servlet-9.4.41.v20210516.jar.:9.4.41.v20210516]
	at org.eclipse.jetty.webapp.WebAppContext.startWebapp(WebAppContext.java:1449) [moqui_temp15984365713064373082execlib_jetty-webapp-9.4.41.v20210516.jar.:9.4.41.v20210516]
	at org.eclipse.jetty.webapp.WebAppContext.startContext(WebAppContext.java:1414) [moqui_temp15984365713064373082execlib_jetty-webapp-9.4.41.v20210516.jar.:9.4.41.v20210516]
	at org.eclipse.jetty.server.handler.ContextHandler.doStart(ContextHandler.java:911) [moqui_temp2900150413970458421execlib_jetty-server-9.4.41.v20210516.jar.:9.4.41.v20210516]
	at org.eclipse.jetty.servlet.ServletContextHandler.doStart(ServletContextHandler.java:288) [moqui_temp2848496575478902382execlib_jetty-servlet-9.4.41.v20210516.jar.:9.4.41.v20210516]
	at org.eclipse.jetty.webapp.WebAppContext.doStart(WebAppContext.java:524) [moqui_temp15984365713064373082execlib_jetty-webapp-9.4.41.v20210516.jar.:9.4.41.v20210516]
	at org.eclipse.jetty.util.component.AbstractLifeCycle.start(AbstractLifeCycle.java:73) [moqui_temp8335471207535286790WEB-INF_lib_jetty-util-9.4.41.v20210516.jar.:9.4.41.v20210516]
	at org.eclipse.jetty.util.component.ContainerLifeCycle.start(ContainerLifeCycle.java:169) [moqui_temp8335471207535286790WEB-INF_lib_jetty-util-9.4.41.v20210516.jar.:9.4.41.v20210516]
	at org.eclipse.jetty.util.component.ContainerLifeCycle.doStart(ContainerLifeCycle.java:110) [moqui_temp8335471207535286790WEB-INF_lib_jetty-util-9.4.41.v20210516.jar.:9.4.41.v20210516]
	at org.eclipse.jetty.server.handler.AbstractHandler.doStart(AbstractHandler.java:97) [moqui_temp2900150413970458421execlib_jetty-server-9.4.41.v20210516.jar.:9.4.41.v20210516]
	at org.eclipse.jetty.server.handler.gzip.GzipHandler.doStart(GzipHandler.java:426) [moqui_temp2900150413970458421execlib_jetty-server-9.4.41.v20210516.jar.:9.4.41.v20210516]
	at org.eclipse.jetty.util.component.AbstractLifeCycle.start(AbstractLifeCycle.java:73) [moqui_temp8335471207535286790WEB-INF_lib_jetty-util-9.4.41.v20210516.jar.:9.4.41.v20210516]
	at org.eclipse.jetty.util.component.ContainerLifeCycle.start(ContainerLifeCycle.java:169) [moqui_temp8335471207535286790WEB-INF_lib_jetty-util-9.4.41.v20210516.jar.:9.4.41.v20210516]
	at org.eclipse.jetty.server.Server.start(Server.java:423) [moqui_temp2900150413970458421execlib_jetty-server-9.4.41.v20210516.jar.:9.4.41.v20210516]
	at org.eclipse.jetty.util.component.ContainerLifeCycle.doStart(ContainerLifeCycle.java:110) [moqui_temp8335471207535286790WEB-INF_lib_jetty-util-9.4.41.v20210516.jar.:9.4.41.v20210516]
	at org.eclipse.jetty.server.handler.AbstractHandler.doStart(AbstractHandler.java:97) [moqui_temp2900150413970458421execlib_jetty-server-9.4.41.v20210516.jar.:9.4.41.v20210516]
	at org.eclipse.jetty.server.Server.doStart(Server.java:387) [moqui_temp2900150413970458421execlib_jetty-server-9.4.41.v20210516.jar.:9.4.41.v20210516]
	at org.eclipse.jetty.util.component.AbstractLifeCycle.start(AbstractLifeCycle.java:73) [moqui_temp8335471207535286790WEB-INF_lib_jetty-util-9.4.41.v20210516.jar.:9.4.41.v20210516]
	at jdk.internal.reflect.NativeMethodAccessorImpl.invoke0(Native Method) ~[?:?]
	at jdk.internal.reflect.NativeMethodAccessorImpl.invoke(NativeMethodAccessorImpl.java:78) ~[?:?]
	at jdk.internal.reflect.DelegatingMethodAccessorImpl.invoke(DelegatingMethodAccessorImpl.java:43) ~[?:?]
	at java.lang.reflect.Method.invoke(Method.java:567) ~[?:?]
	at MoquiStart.main(MoquiStart.java:293) [moqui.war:?]
Caused by: java.lang.IllegalArgumentException: The moqui.conf path [D:\AAlireza\moqui-framework/conf/MoquiProductionConf.xml] was not found.
	at org.moqui.impl.context.ExecutionContextFactoryImpl.<init>(ExecutionContextFactoryImpl.groovy:201) ~[moqui_temp14938225427055016549WEB-INF_lib_moqui-framework-3.0.0-rc8.jar.:3.0.0-rc8]
	... 34 more
--- 2021-07-05 12:15:17.783 [           main] ERROR         org.moqui.impl.webapp.MoquiContextListener [] []
 Error initializing webapp context: java.lang.reflect.InvocationTargetException
java.lang.reflect.InvocationTargetException: null
	at jdk.internal.reflect.NativeConstructorAccessorImpl.newInstance0(Native Method) ~[?:?]
	at jdk.internal.reflect.NativeConstructorAccessorImpl.newInstance(NativeConstructorAccessorImpl.java:78) ~[?:?]
	at jdk.internal.reflect.DelegatingConstructorAccessorImpl.newInstance(DelegatingConstructorAccessorImpl.java:45) ~[?:?]
	at java.lang.reflect.Constructor.newInstanceWithCaller(Constructor.java:499) ~[?:?]
	at java.lang.reflect.Constructor.newInstance(Constructor.java:480) ~[?:?]
	at org.moqui.Moqui.dynamicInit(Moqui.java:62) ~[moqui_temp5051811595221768472WEB-INF_lib_moqui-framework-3.0.0-rc8.jar.:3.0.0-rc8]
	at org.moqui.impl.webapp.MoquiContextListener.contextInitialized(MoquiContextListener.groovy:67) [moqui_temp5051811595221768472WEB-INF_lib_moqui-framework-3.0.0-rc8.jar.:3.0.0-rc8]
	at org.eclipse.jetty.server.handler.ContextHandler.callContextInitialized(ContextHandler.java:1068) [moqui_temp11348563456995802611execlib_jetty-server-9.4.41.v20210516.jar.:9.4.41.v20210516]
	at org.eclipse.jetty.servlet.ServletContextHandler.callContextInitialized(ServletContextHandler.java:572) [moqui_temp18084505139270272099execlib_jetty-servlet-9.4.41.v20210516.jar.:9.4.41.v20210516]
	at org.eclipse.jetty.server.handler.ContextHandler.contextInitialized(ContextHandler.java:997) [moqui_temp11348563456995802611execlib_jetty-server-9.4.41.v20210516.jar.:9.4.41.v20210516]
	at org.eclipse.jetty.servlet.ServletHandler.initialize(ServletHandler.java:746) [moqui_temp18084505139270272099execlib_jetty-servlet-9.4.41.v20210516.jar.:9.4.41.v20210516]
	at org.eclipse.jetty.servlet.ServletContextHandler.startContext(ServletContextHandler.java:379) [moqui_temp18084505139270272099execlib_jetty-servlet-9.4.41.v20210516.jar.:9.4.41.v20210516]
	at org.eclipse.jetty.webapp.WebAppContext.startWebapp(WebAppContext.java:1449) [moqui_temp4531696073746335618execlib_jetty-webapp-9.4.41.v20210516.jar.:9.4.41.v20210516]
	at org.eclipse.jetty.webapp.WebAppContext.startContext(WebAppContext.java:1414) [moqui_temp4531696073746335618execlib_jetty-webapp-9.4.41.v20210516.jar.:9.4.41.v20210516]
	at org.eclipse.jetty.server.handler.ContextHandler.doStart(ContextHandler.java:911) [moqui_temp11348563456995802611execlib_jetty-server-9.4.41.v20210516.jar.:9.4.41.v20210516]
	at org.eclipse.jetty.servlet.ServletContextHandler.doStart(ServletContextHandler.java:288) [moqui_temp18084505139270272099execlib_jetty-servlet-9.4.41.v20210516.jar.:9.4.41.v20210516]
	at org.eclipse.jetty.webapp.WebAppContext.doStart(WebAppContext.java:524) [moqui_temp4531696073746335618execlib_jetty-webapp-9.4.41.v20210516.jar.:9.4.41.v20210516]
	at org.eclipse.jetty.util.component.AbstractLifeCycle.start(AbstractLifeCycle.java:73) [moqui_temp1761768917223222255WEB-INF_lib_jetty-util-9.4.41.v20210516.jar.:9.4.41.v20210516]
	at org.eclipse.jetty.util.component.ContainerLifeCycle.start(ContainerLifeCycle.java:169) [moqui_temp1761768917223222255WEB-INF_lib_jetty-util-9.4.41.v20210516.jar.:9.4.41.v20210516]
	at org.eclipse.jetty.util.component.ContainerLifeCycle.doStart(ContainerLifeCycle.java:110) [moqui_temp1761768917223222255WEB-INF_lib_jetty-util-9.4.41.v20210516.jar.:9.4.41.v20210516]
	at org.eclipse.jetty.server.handler.AbstractHandler.doStart(AbstractHandler.java:97) [moqui_temp11348563456995802611execlib_jetty-server-9.4.41.v20210516.jar.:9.4.41.v20210516]
	at org.eclipse.jetty.server.handler.gzip.GzipHandler.doStart(GzipHandler.java:426) [moqui_temp11348563456995802611execlib_jetty-server-9.4.41.v20210516.jar.:9.4.41.v20210516]
	at org.eclipse.jetty.util.component.AbstractLifeCycle.start(AbstractLifeCycle.java:73) [moqui_temp1761768917223222255WEB-INF_lib_jetty-util-9.4.41.v20210516.jar.:9.4.41.v20210516]
	at org.eclipse.jetty.util.component.ContainerLifeCycle.start(ContainerLifeCycle.java:169) [moqui_temp1761768917223222255WEB-INF_lib_jetty-util-9.4.41.v20210516.jar.:9.4.41.v20210516]
	at org.eclipse.jetty.server.Server.start(Server.java:423) [moqui_temp11348563456995802611execlib_jetty-server-9.4.41.v20210516.jar.:9.4.41.v20210516]
	at org.eclipse.jetty.util.component.ContainerLifeCycle.doStart(ContainerLifeCycle.java:110) [moqui_temp1761768917223222255WEB-INF_lib_jetty-util-9.4.41.v20210516.jar.:9.4.41.v20210516]
	at org.eclipse.jetty.server.handler.AbstractHandler.doStart(AbstractHandler.java:97) [moqui_temp11348563456995802611execlib_jetty-server-9.4.41.v20210516.jar.:9.4.41.v20210516]
	at org.eclipse.jetty.server.Server.doStart(Server.java:387) [moqui_temp11348563456995802611execlib_jetty-server-9.4.41.v20210516.jar.:9.4.41.v20210516]
	at org.eclipse.jetty.util.component.AbstractLifeCycle.start(AbstractLifeCycle.java:73) [moqui_temp1761768917223222255WEB-INF_lib_jetty-util-9.4.41.v20210516.jar.:9.4.41.v20210516]
	at jdk.internal.reflect.NativeMethodAccessorImpl.invoke0(Native Method) ~[?:?]
	at jdk.internal.reflect.NativeMethodAccessorImpl.invoke(NativeMethodAccessorImpl.java:78) ~[?:?]
	at jdk.internal.reflect.DelegatingMethodAccessorImpl.invoke(DelegatingMethodAccessorImpl.java:43) ~[?:?]
	at java.lang.reflect.Method.invoke(Method.java:567) ~[?:?]
	at MoquiStart.main(MoquiStart.java:293) [moqui.war:?]
Caused by: java.lang.IllegalArgumentException: The moqui.conf path [D:\AAlireza\moqui-framework/conf/MoquiProductionConf.xml] was not found.
	at org.moqui.impl.context.ExecutionContextFactoryImpl.<init>(ExecutionContextFactoryImpl.groovy:201) ~[moqui_temp5051811595221768472WEB-INF_lib_moqui-framework-3.0.0-rc8.jar.:3.0.0-rc8]
	... 34 more
--- 2021-07-05 12:18:37.733 [           main] ERROR         org.moqui.impl.webapp.MoquiContextListener [] []
 Error initializing webapp context: java.lang.reflect.InvocationTargetException
java.lang.reflect.InvocationTargetException: null
	at jdk.internal.reflect.NativeConstructorAccessorImpl.newInstance0(Native Method) ~[?:?]
	at jdk.internal.reflect.NativeConstructorAccessorImpl.newInstance(NativeConstructorAccessorImpl.java:78) ~[?:?]
	at jdk.internal.reflect.DelegatingConstructorAccessorImpl.newInstance(DelegatingConstructorAccessorImpl.java:45) ~[?:?]
	at java.lang.reflect.Constructor.newInstanceWithCaller(Constructor.java:499) ~[?:?]
	at java.lang.reflect.Constructor.newInstance(Constructor.java:480) ~[?:?]
	at org.moqui.Moqui.dynamicInit(Moqui.java:62) ~[moqui_temp16211742400688896271WEB-INF_lib_moqui-framework-3.0.0-rc8.jar.:3.0.0-rc8]
	at org.moqui.impl.webapp.MoquiContextListener.contextInitialized(MoquiContextListener.groovy:67) [moqui_temp16211742400688896271WEB-INF_lib_moqui-framework-3.0.0-rc8.jar.:3.0.0-rc8]
	at org.eclipse.jetty.server.handler.ContextHandler.callContextInitialized(ContextHandler.java:1068) [moqui_temp5211271411485346386execlib_jetty-server-9.4.41.v20210516.jar.:9.4.41.v20210516]
	at org.eclipse.jetty.servlet.ServletContextHandler.callContextInitialized(ServletContextHandler.java:572) [moqui_temp10921692043994292825execlib_jetty-servlet-9.4.41.v20210516.jar.:9.4.41.v20210516]
	at org.eclipse.jetty.server.handler.ContextHandler.contextInitialized(ContextHandler.java:997) [moqui_temp5211271411485346386execlib_jetty-server-9.4.41.v20210516.jar.:9.4.41.v20210516]
	at org.eclipse.jetty.servlet.ServletHandler.initialize(ServletHandler.java:746) [moqui_temp10921692043994292825execlib_jetty-servlet-9.4.41.v20210516.jar.:9.4.41.v20210516]
	at org.eclipse.jetty.servlet.ServletContextHandler.startContext(ServletContextHandler.java:379) [moqui_temp10921692043994292825execlib_jetty-servlet-9.4.41.v20210516.jar.:9.4.41.v20210516]
	at org.eclipse.jetty.webapp.WebAppContext.startWebapp(WebAppContext.java:1449) [moqui_temp2209270398364424377execlib_jetty-webapp-9.4.41.v20210516.jar.:9.4.41.v20210516]
	at org.eclipse.jetty.webapp.WebAppContext.startContext(WebAppContext.java:1414) [moqui_temp2209270398364424377execlib_jetty-webapp-9.4.41.v20210516.jar.:9.4.41.v20210516]
	at org.eclipse.jetty.server.handler.ContextHandler.doStart(ContextHandler.java:911) [moqui_temp5211271411485346386execlib_jetty-server-9.4.41.v20210516.jar.:9.4.41.v20210516]
	at org.eclipse.jetty.servlet.ServletContextHandler.doStart(ServletContextHandler.java:288) [moqui_temp10921692043994292825execlib_jetty-servlet-9.4.41.v20210516.jar.:9.4.41.v20210516]
	at org.eclipse.jetty.webapp.WebAppContext.doStart(WebAppContext.java:524) [moqui_temp2209270398364424377execlib_jetty-webapp-9.4.41.v20210516.jar.:9.4.41.v20210516]
	at org.eclipse.jetty.util.component.AbstractLifeCycle.start(AbstractLifeCycle.java:73) [moqui_temp12526138990823410769WEB-INF_lib_jetty-util-9.4.41.v20210516.jar.:9.4.41.v20210516]
	at org.eclipse.jetty.util.component.ContainerLifeCycle.start(ContainerLifeCycle.java:169) [moqui_temp12526138990823410769WEB-INF_lib_jetty-util-9.4.41.v20210516.jar.:9.4.41.v20210516]
	at org.eclipse.jetty.util.component.ContainerLifeCycle.doStart(ContainerLifeCycle.java:110) [moqui_temp12526138990823410769WEB-INF_lib_jetty-util-9.4.41.v20210516.jar.:9.4.41.v20210516]
	at org.eclipse.jetty.server.handler.AbstractHandler.doStart(AbstractHandler.java:97) [moqui_temp5211271411485346386execlib_jetty-server-9.4.41.v20210516.jar.:9.4.41.v20210516]
	at org.eclipse.jetty.server.handler.gzip.GzipHandler.doStart(GzipHandler.java:426) [moqui_temp5211271411485346386execlib_jetty-server-9.4.41.v20210516.jar.:9.4.41.v20210516]
	at org.eclipse.jetty.util.component.AbstractLifeCycle.start(AbstractLifeCycle.java:73) [moqui_temp12526138990823410769WEB-INF_lib_jetty-util-9.4.41.v20210516.jar.:9.4.41.v20210516]
	at org.eclipse.jetty.util.component.ContainerLifeCycle.start(ContainerLifeCycle.java:169) [moqui_temp12526138990823410769WEB-INF_lib_jetty-util-9.4.41.v20210516.jar.:9.4.41.v20210516]
	at org.eclipse.jetty.server.Server.start(Server.java:423) [moqui_temp5211271411485346386execlib_jetty-server-9.4.41.v20210516.jar.:9.4.41.v20210516]
	at org.eclipse.jetty.util.component.ContainerLifeCycle.doStart(ContainerLifeCycle.java:110) [moqui_temp12526138990823410769WEB-INF_lib_jetty-util-9.4.41.v20210516.jar.:9.4.41.v20210516]
	at org.eclipse.jetty.server.handler.AbstractHandler.doStart(AbstractHandler.java:97) [moqui_temp5211271411485346386execlib_jetty-server-9.4.41.v20210516.jar.:9.4.41.v20210516]
	at org.eclipse.jetty.server.Server.doStart(Server.java:387) [moqui_temp5211271411485346386execlib_jetty-server-9.4.41.v20210516.jar.:9.4.41.v20210516]
	at org.eclipse.jetty.util.component.AbstractLifeCycle.start(AbstractLifeCycle.java:73) [moqui_temp12526138990823410769WEB-INF_lib_jetty-util-9.4.41.v20210516.jar.:9.4.41.v20210516]
	at jdk.internal.reflect.NativeMethodAccessorImpl.invoke0(Native Method) ~[?:?]
	at jdk.internal.reflect.NativeMethodAccessorImpl.invoke(NativeMethodAccessorImpl.java:78) ~[?:?]
	at jdk.internal.reflect.DelegatingMethodAccessorImpl.invoke(DelegatingMethodAccessorImpl.java:43) ~[?:?]
	at java.lang.reflect.Method.invoke(Method.java:567) ~[?:?]
	at MoquiStart.main(MoquiStart.java:293) [moqui.war:?]
Caused by: java.lang.IllegalArgumentException: The moqui.conf path [D:\AAlireza\moqui-framework/conf/MoquiProductionConf.xml] was not found.
	at org.moqui.impl.context.ExecutionContextFactoryImpl.<init>(ExecutionContextFactoryImpl.groovy:201) ~[moqui_temp16211742400688896271WEB-INF_lib_moqui-framework-3.0.0-rc8.jar.:3.0.0-rc8]
	... 34 more
