--- 2021-07-05 01:40:40.442 [           main] ERROR           org.moqui.impl.context.ElasticFacadeImpl [] []
 Error initializing ElasticClient for cluster default: java.util.concurrent.ExecutionException: java.net.ConnectException: Connection refused: no further information
--- 2021-07-05 01:42:21.689 [           main] ERROR  org.moqui.impl.entity.EntityDatasourceFactoryImpl [] []
 Error connecting to DataSource transactional (h2), try 1 of 5: java.lang.reflect.InaccessibleObjectException: Unable to make protected final java.lang.Class java.lang.ClassLoader.defineClass(java.lang.String,byte[],int,int,java.security.ProtectionDomain) throws java.lang.ClassFormatError accessible: module java.base does not "opens java.lang" to unnamed module @3eb7fc54
--- 2021-07-05 01:42:26.710 [           main] ERROR  org.moqui.impl.entity.EntityDatasourceFactoryImpl [] []
 Error connecting to DataSource transactional (h2), try 2 of 5: java.lang.NoClassDefFoundError: Could not initialize class bitronix.tm.resource.jdbc.proxy.JdbcProxyFactory
--- 2021-07-05 01:42:31.717 [           main] ERROR  org.moqui.impl.entity.EntityDatasourceFactoryImpl [] []
 Error connecting to DataSource transactional (h2), try 3 of 5: java.lang.NoClassDefFoundError: Could not initialize class bitronix.tm.resource.jdbc.proxy.JdbcProxyFactory
--- 2021-07-05 01:42:36.723 [           main] ERROR  org.moqui.impl.entity.EntityDatasourceFactoryImpl [] []
 Error connecting to DataSource transactional (h2), try 4 of 5: java.lang.NoClassDefFoundError: Could not initialize class bitronix.tm.resource.jdbc.proxy.JdbcProxyFactory
--- 2021-07-05 01:42:41.735 [           main] ERROR         org.moqui.impl.webapp.MoquiContextListener [] []
 Error initializing webapp context: java.lang.reflect.InvocationTargetException
java.lang.reflect.InvocationTargetException: null
	at jdk.internal.reflect.NativeConstructorAccessorImpl.newInstance0(Native Method) ~[?:?]
	at jdk.internal.reflect.NativeConstructorAccessorImpl.newInstance(NativeConstructorAccessorImpl.java:78) ~[?:?]
	at jdk.internal.reflect.DelegatingConstructorAccessorImpl.newInstance(DelegatingConstructorAccessorImpl.java:45) ~[?:?]
	at java.lang.reflect.Constructor.newInstanceWithCaller(Constructor.java:499) ~[?:?]
	at java.lang.reflect.Constructor.newInstance(Constructor.java:480) ~[?:?]
	at org.moqui.Moqui.dynamicInit(Moqui.java:62) ~[moqui_temp14908858602148987921WEB-INF_lib_moqui-framework-3.0.0-rc8.jar.:3.0.0-rc8]
	at org.moqui.impl.webapp.MoquiContextListener.contextInitialized(MoquiContextListener.groovy:67) [moqui_temp14908858602148987921WEB-INF_lib_moqui-framework-3.0.0-rc8.jar.:3.0.0-rc8]
	at org.eclipse.jetty.server.handler.ContextHandler.callContextInitialized(ContextHandler.java:1068) [moqui_temp14615840012473737891execlib_jetty-server-9.4.41.v20210516.jar.:9.4.41.v20210516]
	at org.eclipse.jetty.servlet.ServletContextHandler.callContextInitialized(ServletContextHandler.java:572) [moqui_temp15859895420792957634execlib_jetty-servlet-9.4.41.v20210516.jar.:9.4.41.v20210516]
	at org.eclipse.jetty.server.handler.ContextHandler.contextInitialized(ContextHandler.java:997) [moqui_temp14615840012473737891execlib_jetty-server-9.4.41.v20210516.jar.:9.4.41.v20210516]
	at org.eclipse.jetty.servlet.ServletHandler.initialize(ServletHandler.java:746) [moqui_temp15859895420792957634execlib_jetty-servlet-9.4.41.v20210516.jar.:9.4.41.v20210516]
	at org.eclipse.jetty.servlet.ServletContextHandler.startContext(ServletContextHandler.java:379) [moqui_temp15859895420792957634execlib_jetty-servlet-9.4.41.v20210516.jar.:9.4.41.v20210516]
	at org.eclipse.jetty.webapp.WebAppContext.startWebapp(WebAppContext.java:1449) [moqui_temp14439582618926240678execlib_jetty-webapp-9.4.41.v20210516.jar.:9.4.41.v20210516]
	at org.eclipse.jetty.webapp.WebAppContext.startContext(WebAppContext.java:1414) [moqui_temp14439582618926240678execlib_jetty-webapp-9.4.41.v20210516.jar.:9.4.41.v20210516]
	at org.eclipse.jetty.server.handler.ContextHandler.doStart(ContextHandler.java:911) [moqui_temp14615840012473737891execlib_jetty-server-9.4.41.v20210516.jar.:9.4.41.v20210516]
	at org.eclipse.jetty.servlet.ServletContextHandler.doStart(ServletContextHandler.java:288) [moqui_temp15859895420792957634execlib_jetty-servlet-9.4.41.v20210516.jar.:9.4.41.v20210516]
	at org.eclipse.jetty.webapp.WebAppContext.doStart(WebAppContext.java:524) [moqui_temp14439582618926240678execlib_jetty-webapp-9.4.41.v20210516.jar.:9.4.41.v20210516]
	at org.eclipse.jetty.util.component.AbstractLifeCycle.start(AbstractLifeCycle.java:73) [moqui_temp10629895268626788089WEB-INF_lib_jetty-util-9.4.41.v20210516.jar.:9.4.41.v20210516]
	at org.eclipse.jetty.util.component.ContainerLifeCycle.start(ContainerLifeCycle.java:169) [moqui_temp10629895268626788089WEB-INF_lib_jetty-util-9.4.41.v20210516.jar.:9.4.41.v20210516]
	at org.eclipse.jetty.util.component.ContainerLifeCycle.doStart(ContainerLifeCycle.java:110) [moqui_temp10629895268626788089WEB-INF_lib_jetty-util-9.4.41.v20210516.jar.:9.4.41.v20210516]
	at org.eclipse.jetty.server.handler.AbstractHandler.doStart(AbstractHandler.java:97) [moqui_temp14615840012473737891execlib_jetty-server-9.4.41.v20210516.jar.:9.4.41.v20210516]
	at org.eclipse.jetty.server.handler.gzip.GzipHandler.doStart(GzipHandler.java:426) [moqui_temp14615840012473737891execlib_jetty-server-9.4.41.v20210516.jar.:9.4.41.v20210516]
	at org.eclipse.jetty.util.component.AbstractLifeCycle.start(AbstractLifeCycle.java:73) [moqui_temp10629895268626788089WEB-INF_lib_jetty-util-9.4.41.v20210516.jar.:9.4.41.v20210516]
	at org.eclipse.jetty.util.component.ContainerLifeCycle.start(ContainerLifeCycle.java:169) [moqui_temp10629895268626788089WEB-INF_lib_jetty-util-9.4.41.v20210516.jar.:9.4.41.v20210516]
	at org.eclipse.jetty.server.Server.start(Server.java:423) [moqui_temp14615840012473737891execlib_jetty-server-9.4.41.v20210516.jar.:9.4.41.v20210516]
	at org.eclipse.jetty.util.component.ContainerLifeCycle.doStart(ContainerLifeCycle.java:110) [moqui_temp10629895268626788089WEB-INF_lib_jetty-util-9.4.41.v20210516.jar.:9.4.41.v20210516]
	at org.eclipse.jetty.server.handler.AbstractHandler.doStart(AbstractHandler.java:97) [moqui_temp14615840012473737891execlib_jetty-server-9.4.41.v20210516.jar.:9.4.41.v20210516]
	at org.eclipse.jetty.server.Server.doStart(Server.java:387) [moqui_temp14615840012473737891execlib_jetty-server-9.4.41.v20210516.jar.:9.4.41.v20210516]
	at org.eclipse.jetty.util.component.AbstractLifeCycle.start(AbstractLifeCycle.java:73) [moqui_temp10629895268626788089WEB-INF_lib_jetty-util-9.4.41.v20210516.jar.:9.4.41.v20210516]
	at jdk.internal.reflect.NativeMethodAccessorImpl.invoke0(Native Method) ~[?:?]
	at jdk.internal.reflect.NativeMethodAccessorImpl.invoke(NativeMethodAccessorImpl.java:78) ~[?:?]
	at jdk.internal.reflect.DelegatingMethodAccessorImpl.invoke(DelegatingMethodAccessorImpl.java:43) ~[?:?]
	at java.lang.reflect.Method.invoke(Method.java:567) ~[?:?]
	at MoquiStart.main(MoquiStart.java:293) [moqui.war:?]
Caused by: java.lang.NoClassDefFoundError: Could not initialize class bitronix.tm.resource.jdbc.proxy.JdbcProxyFactory
	at bitronix.tm.resource.jdbc.JdbcPooledConnection.getConnectionHandle(JdbcPooledConnection.java:436) ~[moqui_temp1422823648870295016WEB-INF_lib_btm-3.0.0-SNAPSHOT.jar.:3.0.0-SNAPSHOT]
	at bitronix.tm.resource.jdbc.JdbcPooledConnection.getConnectionHandle(JdbcPooledConnection.java:315) ~[moqui_temp1422823648870295016WEB-INF_lib_btm-3.0.0-SNAPSHOT.jar.:3.0.0-SNAPSHOT]
	at bitronix.tm.resource.common.XAPool.getConnectionHandle(XAPool.java:189) ~[moqui_temp1422823648870295016WEB-INF_lib_btm-3.0.0-SNAPSHOT.jar.:3.0.0-SNAPSHOT]
	at bitronix.tm.resource.jdbc.PoolingDataSource.startRecovery(PoolingDataSource.java:356) ~[moqui_temp1422823648870295016WEB-INF_lib_btm-3.0.0-SNAPSHOT.jar.:3.0.0-SNAPSHOT]
	at bitronix.tm.recovery.IncrementalRecoverer.recover(IncrementalRecoverer.java:54) ~[moqui_temp1422823648870295016WEB-INF_lib_btm-3.0.0-SNAPSHOT.jar.:3.0.0-SNAPSHOT]
	at bitronix.tm.resource.ResourceRegistrar.register(ResourceRegistrar.java:104) ~[moqui_temp1422823648870295016WEB-INF_lib_btm-3.0.0-SNAPSHOT.jar.:3.0.0-SNAPSHOT]
	at bitronix.tm.resource.jdbc.PoolingDataSource.buildXAPool(PoolingDataSource.java:107) ~[moqui_temp1422823648870295016WEB-INF_lib_btm-3.0.0-SNAPSHOT.jar.:3.0.0-SNAPSHOT]
	at bitronix.tm.resource.jdbc.PoolingDataSource.init(PoolingDataSource.java:87) ~[moqui_temp1422823648870295016WEB-INF_lib_btm-3.0.0-SNAPSHOT.jar.:3.0.0-SNAPSHOT]
	at org.moqui.impl.context.TransactionInternalBitronix.getDataSource(TransactionInternalBitronix.groovy:150) ~[moqui_temp14908858602148987921WEB-INF_lib_moqui-framework-3.0.0-rc8.jar.:3.0.0-rc8]
	at org.moqui.impl.entity.EntityDatasourceFactoryImpl.init(EntityDatasourceFactoryImpl.groovy:84) ~[moqui_temp14908858602148987921WEB-INF_lib_moqui-framework-3.0.0-rc8.jar.:3.0.0-rc8]
	at org.moqui.impl.entity.EntityFacadeImpl.initAllDatasources(EntityFacadeImpl.groovy:293) ~[moqui_temp14908858602148987921WEB-INF_lib_moqui-framework-3.0.0-rc8.jar.:3.0.0-rc8]
	at org.moqui.impl.entity.EntityFacadeImpl.<init>(EntityFacadeImpl.groovy:148) ~[moqui_temp14908858602148987921WEB-INF_lib_moqui-framework-3.0.0-rc8.jar.:3.0.0-rc8]
	at org.moqui.impl.context.ExecutionContextFactoryImpl.<init>(ExecutionContextFactoryImpl.groovy:230) ~[moqui_temp14908858602148987921WEB-INF_lib_moqui-framework-3.0.0-rc8.jar.:3.0.0-rc8]
	... 34 more
--- 2021-07-05 01:44:57.327 [           main] ERROR           org.moqui.impl.context.ElasticFacadeImpl [] []
 Error initializing ElasticClient for cluster default: java.util.concurrent.ExecutionException: java.net.ConnectException: Connection refused: no further information
--- 2021-07-05 02:14:35.506 [           main] ERROR  org.moqui.impl.entity.EntityDatasourceFactoryImpl [] []
 Error connecting to DataSource transactional (h2), try 1 of 5: java.lang.reflect.InaccessibleObjectException: Unable to make protected final java.lang.Class java.lang.ClassLoader.defineClass(java.lang.String,byte[],int,int,java.security.ProtectionDomain) throws java.lang.ClassFormatError accessible: module java.base does not "opens java.lang" to unnamed module @3eb7fc54
--- 2021-07-05 02:14:40.522 [           main] ERROR  org.moqui.impl.entity.EntityDatasourceFactoryImpl [] []
 Error connecting to DataSource transactional (h2), try 2 of 5: java.lang.NoClassDefFoundError: Could not initialize class bitronix.tm.resource.jdbc.proxy.JdbcProxyFactory
--- 2021-07-05 02:14:45.531 [           main] ERROR  org.moqui.impl.entity.EntityDatasourceFactoryImpl [] []
 Error connecting to DataSource transactional (h2), try 3 of 5: java.lang.NoClassDefFoundError: Could not initialize class bitronix.tm.resource.jdbc.proxy.JdbcProxyFactory
--- 2021-07-05 02:14:50.541 [           main] ERROR  org.moqui.impl.entity.EntityDatasourceFactoryImpl [] []
 Error connecting to DataSource transactional (h2), try 4 of 5: java.lang.NoClassDefFoundError: Could not initialize class bitronix.tm.resource.jdbc.proxy.JdbcProxyFactory
--- 2021-07-05 02:14:55.552 [           main] ERROR         org.moqui.impl.webapp.MoquiContextListener [] []
 Error initializing webapp context: java.lang.reflect.InvocationTargetException
java.lang.reflect.InvocationTargetException: null
	at jdk.internal.reflect.NativeConstructorAccessorImpl.newInstance0(Native Method) ~[?:?]
	at jdk.internal.reflect.NativeConstructorAccessorImpl.newInstance(NativeConstructorAccessorImpl.java:78) ~[?:?]
	at jdk.internal.reflect.DelegatingConstructorAccessorImpl.newInstance(DelegatingConstructorAccessorImpl.java:45) ~[?:?]
	at java.lang.reflect.Constructor.newInstanceWithCaller(Constructor.java:499) ~[?:?]
	at java.lang.reflect.Constructor.newInstance(Constructor.java:480) ~[?:?]
	at org.moqui.Moqui.dynamicInit(Moqui.java:62) ~[moqui_temp4096091533040402909WEB-INF_lib_moqui-framework-3.0.0-rc8.jar.:3.0.0-rc8]
	at org.moqui.impl.webapp.MoquiContextListener.contextInitialized(MoquiContextListener.groovy:67) [moqui_temp4096091533040402909WEB-INF_lib_moqui-framework-3.0.0-rc8.jar.:3.0.0-rc8]
	at org.eclipse.jetty.server.handler.ContextHandler.callContextInitialized(ContextHandler.java:1068) [moqui_temp148148312010878044execlib_jetty-server-9.4.41.v20210516.jar.:9.4.41.v20210516]
	at org.eclipse.jetty.servlet.ServletContextHandler.callContextInitialized(ServletContextHandler.java:572) [moqui_temp6355761233428762148execlib_jetty-servlet-9.4.41.v20210516.jar.:9.4.41.v20210516]
	at org.eclipse.jetty.server.handler.ContextHandler.contextInitialized(ContextHandler.java:997) [moqui_temp148148312010878044execlib_jetty-server-9.4.41.v20210516.jar.:9.4.41.v20210516]
	at org.eclipse.jetty.servlet.ServletHandler.initialize(ServletHandler.java:746) [moqui_temp6355761233428762148execlib_jetty-servlet-9.4.41.v20210516.jar.:9.4.41.v20210516]
	at org.eclipse.jetty.servlet.ServletContextHandler.startContext(ServletContextHandler.java:379) [moqui_temp6355761233428762148execlib_jetty-servlet-9.4.41.v20210516.jar.:9.4.41.v20210516]
	at org.eclipse.jetty.webapp.WebAppContext.startWebapp(WebAppContext.java:1449) [moqui_temp13479280349870435782execlib_jetty-webapp-9.4.41.v20210516.jar.:9.4.41.v20210516]
	at org.eclipse.jetty.webapp.WebAppContext.startContext(WebAppContext.java:1414) [moqui_temp13479280349870435782execlib_jetty-webapp-9.4.41.v20210516.jar.:9.4.41.v20210516]
	at org.eclipse.jetty.server.handler.ContextHandler.doStart(ContextHandler.java:911) [moqui_temp148148312010878044execlib_jetty-server-9.4.41.v20210516.jar.:9.4.41.v20210516]
	at org.eclipse.jetty.servlet.ServletContextHandler.doStart(ServletContextHandler.java:288) [moqui_temp6355761233428762148execlib_jetty-servlet-9.4.41.v20210516.jar.:9.4.41.v20210516]
	at org.eclipse.jetty.webapp.WebAppContext.doStart(WebAppContext.java:524) [moqui_temp13479280349870435782execlib_jetty-webapp-9.4.41.v20210516.jar.:9.4.41.v20210516]
	at org.eclipse.jetty.util.component.AbstractLifeCycle.start(AbstractLifeCycle.java:73) [moqui_temp12289085107923507538WEB-INF_lib_jetty-util-9.4.41.v20210516.jar.:9.4.41.v20210516]
	at org.eclipse.jetty.util.component.ContainerLifeCycle.start(ContainerLifeCycle.java:169) [moqui_temp12289085107923507538WEB-INF_lib_jetty-util-9.4.41.v20210516.jar.:9.4.41.v20210516]
	at org.eclipse.jetty.util.component.ContainerLifeCycle.doStart(ContainerLifeCycle.java:110) [moqui_temp12289085107923507538WEB-INF_lib_jetty-util-9.4.41.v20210516.jar.:9.4.41.v20210516]
	at org.eclipse.jetty.server.handler.AbstractHandler.doStart(AbstractHandler.java:97) [moqui_temp148148312010878044execlib_jetty-server-9.4.41.v20210516.jar.:9.4.41.v20210516]
	at org.eclipse.jetty.server.handler.gzip.GzipHandler.doStart(GzipHandler.java:426) [moqui_temp148148312010878044execlib_jetty-server-9.4.41.v20210516.jar.:9.4.41.v20210516]
	at org.eclipse.jetty.util.component.AbstractLifeCycle.start(AbstractLifeCycle.java:73) [moqui_temp12289085107923507538WEB-INF_lib_jetty-util-9.4.41.v20210516.jar.:9.4.41.v20210516]
	at org.eclipse.jetty.util.component.ContainerLifeCycle.start(ContainerLifeCycle.java:169) [moqui_temp12289085107923507538WEB-INF_lib_jetty-util-9.4.41.v20210516.jar.:9.4.41.v20210516]
	at org.eclipse.jetty.server.Server.start(Server.java:423) [moqui_temp148148312010878044execlib_jetty-server-9.4.41.v20210516.jar.:9.4.41.v20210516]
	at org.eclipse.jetty.util.component.ContainerLifeCycle.doStart(ContainerLifeCycle.java:110) [moqui_temp12289085107923507538WEB-INF_lib_jetty-util-9.4.41.v20210516.jar.:9.4.41.v20210516]
	at org.eclipse.jetty.server.handler.AbstractHandler.doStart(AbstractHandler.java:97) [moqui_temp148148312010878044execlib_jetty-server-9.4.41.v20210516.jar.:9.4.41.v20210516]
	at org.eclipse.jetty.server.Server.doStart(Server.java:387) [moqui_temp148148312010878044execlib_jetty-server-9.4.41.v20210516.jar.:9.4.41.v20210516]
	at org.eclipse.jetty.util.component.AbstractLifeCycle.start(AbstractLifeCycle.java:73) [moqui_temp12289085107923507538WEB-INF_lib_jetty-util-9.4.41.v20210516.jar.:9.4.41.v20210516]
	at jdk.internal.reflect.NativeMethodAccessorImpl.invoke0(Native Method) ~[?:?]
	at jdk.internal.reflect.NativeMethodAccessorImpl.invoke(NativeMethodAccessorImpl.java:78) ~[?:?]
	at jdk.internal.reflect.DelegatingMethodAccessorImpl.invoke(DelegatingMethodAccessorImpl.java:43) ~[?:?]
	at java.lang.reflect.Method.invoke(Method.java:567) ~[?:?]
	at MoquiStart.main(MoquiStart.java:293) [moqui.war:?]
Caused by: java.lang.NoClassDefFoundError: Could not initialize class bitronix.tm.resource.jdbc.proxy.JdbcProxyFactory
	at bitronix.tm.resource.jdbc.JdbcPooledConnection.getConnectionHandle(JdbcPooledConnection.java:436) ~[moqui_temp17632746281356822375WEB-INF_lib_btm-3.0.0-SNAPSHOT.jar.:3.0.0-SNAPSHOT]
	at bitronix.tm.resource.jdbc.JdbcPooledConnection.getConnectionHandle(JdbcPooledConnection.java:315) ~[moqui_temp17632746281356822375WEB-INF_lib_btm-3.0.0-SNAPSHOT.jar.:3.0.0-SNAPSHOT]
	at bitronix.tm.resource.common.XAPool.getConnectionHandle(XAPool.java:189) ~[moqui_temp17632746281356822375WEB-INF_lib_btm-3.0.0-SNAPSHOT.jar.:3.0.0-SNAPSHOT]
	at bitronix.tm.resource.jdbc.PoolingDataSource.startRecovery(PoolingDataSource.java:356) ~[moqui_temp17632746281356822375WEB-INF_lib_btm-3.0.0-SNAPSHOT.jar.:3.0.0-SNAPSHOT]
	at bitronix.tm.recovery.IncrementalRecoverer.recover(IncrementalRecoverer.java:54) ~[moqui_temp17632746281356822375WEB-INF_lib_btm-3.0.0-SNAPSHOT.jar.:3.0.0-SNAPSHOT]
	at bitronix.tm.resource.ResourceRegistrar.register(ResourceRegistrar.java:104) ~[moqui_temp17632746281356822375WEB-INF_lib_btm-3.0.0-SNAPSHOT.jar.:3.0.0-SNAPSHOT]
	at bitronix.tm.resource.jdbc.PoolingDataSource.buildXAPool(PoolingDataSource.java:107) ~[moqui_temp17632746281356822375WEB-INF_lib_btm-3.0.0-SNAPSHOT.jar.:3.0.0-SNAPSHOT]
	at bitronix.tm.resource.jdbc.PoolingDataSource.init(PoolingDataSource.java:87) ~[moqui_temp17632746281356822375WEB-INF_lib_btm-3.0.0-SNAPSHOT.jar.:3.0.0-SNAPSHOT]
	at org.moqui.impl.context.TransactionInternalBitronix.getDataSource(TransactionInternalBitronix.groovy:150) ~[moqui_temp4096091533040402909WEB-INF_lib_moqui-framework-3.0.0-rc8.jar.:3.0.0-rc8]
	at org.moqui.impl.entity.EntityDatasourceFactoryImpl.init(EntityDatasourceFactoryImpl.groovy:84) ~[moqui_temp4096091533040402909WEB-INF_lib_moqui-framework-3.0.0-rc8.jar.:3.0.0-rc8]
	at org.moqui.impl.entity.EntityFacadeImpl.initAllDatasources(EntityFacadeImpl.groovy:293) ~[moqui_temp4096091533040402909WEB-INF_lib_moqui-framework-3.0.0-rc8.jar.:3.0.0-rc8]
	at org.moqui.impl.entity.EntityFacadeImpl.<init>(EntityFacadeImpl.groovy:148) ~[moqui_temp4096091533040402909WEB-INF_lib_moqui-framework-3.0.0-rc8.jar.:3.0.0-rc8]
	at org.moqui.impl.context.ExecutionContextFactoryImpl.<init>(ExecutionContextFactoryImpl.groovy:230) ~[moqui_temp4096091533040402909WEB-INF_lib_moqui-framework-3.0.0-rc8.jar.:3.0.0-rc8]
	... 34 more
